# JRE version: OpenJDK Runtime Environment (8.0_181-b15) (build 1.8.0_181-b15)
# Java VM: OpenJDK 64-Bit Server VM (25.181-b15 mixed mode linux-amd64 compressed oops)
Heap:
 PSYoungGen      total 139776K, used 85829K [0x000000076c200000, 0x0000000775500000, 0x00000007c0000000)
  eden space 129024K, 66% used [0x000000076c200000,0x00000007715d17c8,0x0000000774000000)
  from space 10752K, 0% used [0x0000000774a80000,0x0000000774a80000,0x0000000775500000)
  to   space 10752K, 0% used [0x0000000774000000,0x0000000774000000,0x0000000774a80000)
 ParOldGen       total 107520K, used 9079K [0x00000006c4600000, 0x00000006caf00000, 0x000000076c200000)
  object space 107520K, 8% used [0x00000006c4600000,0x00000006c4eddc70,0x00000006caf00000)
 Metaspace       used 25465K, capacity 26314K, committed 26496K, reserved 1073152K
  class space    used 3177K, capacity 3389K, committed 3456K, reserved 1048576K
GC Heap History (6 events):
Event: 0,759 GC heap before
{Heap before GC invocations=1 (full 0):
 PSYoungGen      total 75264K, used 64512K [0x000000076c200000, 0x0000000771600000, 0x00000007c0000000)
  eden space 64512K, 100% used [0x000000076c200000,0x0000000770100000,0x0000000770100000)
  from space 10752K, 0% used [0x0000000770b80000,0x0000000770b80000,0x0000000771600000)
  to   space 10752K, 0% used [0x0000000770100000,0x0000000770100000,0x0000000770b80000)
 ParOldGen       total 172032K, used 0K [0x00000006c4600000, 0x00000006cee00000, 0x000000076c200000)
  object space 172032K, 0% used [0x00000006c4600000,0x00000006c4600000,0x00000006cee00000)
 Metaspace       used 14986K, capacity 15488K, committed 15616K, reserved 1062912K
  class space    used 1777K, capacity 1930K, committed 2048K, reserved 1048576K
Event: 0,770 GC heap after
Heap after GC invocations=1 (full 0):
 PSYoungGen      total 75264K, used 6989K [0x000000076c200000, 0x0000000775500000, 0x00000007c0000000)
  eden space 64512K, 0% used [0x000000076c200000,0x000000076c200000,0x0000000770100000)
  from space 10752K, 65% used [0x0000000770100000,0x00000007707d35c8,0x0000000770b80000)
  to   space 10752K, 0% used [0x0000000774a80000,0x0000000774a80000,0x0000000775500000)
 ParOldGen       total 172032K, used 16K [0x00000006c4600000, 0x00000006cee00000, 0x000000076c200000)
  object space 172032K, 0% used [0x00000006c4600000,0x00000006c4604000,0x00000006cee00000)
 Metaspace       used 14986K, capacity 15488K, committed 15616K, reserved 1062912K
  class space    used 1777K, capacity 1930K, committed 2048K, reserved 1048576K
}
Event: 1,002 GC heap before
{Heap before GC invocations=2 (full 0):
 PSYoungGen      total 75264K, used 60831K [0x000000076c200000, 0x0000000775500000, 0x00000007c0000000)
  eden space 64512K, 83% used [0x000000076c200000,0x000000076f694738,0x0000000770100000)
  from space 10752K, 65% used [0x0000000770100000,0x00000007707d35c8,0x0000000770b80000)
  to   space 10752K, 0% used [0x0000000774a80000,0x0000000774a80000,0x0000000775500000)
 ParOldGen       total 172032K, used 16K [0x00000006c4600000, 0x00000006cee00000, 0x000000076c200000)
  object space 172032K, 0% used [0x00000006c4600000,0x00000006c4604000,0x00000006cee00000)
 Metaspace       used 20519K, capacity 21090K, committed 21248K, reserved 1067008K
  class space    used 2537K, capacity 2717K, committed 2816K, reserved 1048576K
Event: 1,019 GC heap after
Heap after GC invocations=2 (full 0):
 PSYoungGen      total 139776K, used 9485K [0x000000076c200000, 0x0000000775500000, 0x00000007c0000000)
  eden space 129024K, 0% used [0x000000076c200000,0x000000076c200000,0x0000000774000000)
  from space 10752K, 88% used [0x0000000774a80000,0x00000007753c3700,0x0000000775500000)
  to   space 10752K, 0% used [0x0000000774000000,0x0000000774000000,0x0000000774a80000)
 ParOldGen       total 172032K, used 24K [0x00000006c4600000, 0x00000006cee00000, 0x000000076c200000)
  object space 172032K, 0% used [0x00000006c4600000,0x00000006c4606000,0x00000006cee00000)
 Metaspace       used 20519K, capacity 21090K, committed 21248K, reserved 1067008K
  class space    used 2537K, capacity 2717K, committed 2816K, reserved 1048576K
}
Event: 1,019 GC heap before
{Heap before GC invocations=3 (full 1):
 PSYoungGen      total 139776K, used 9485K [0x000000076c200000, 0x0000000775500000, 0x00000007c0000000)
  eden space 129024K, 0% used [0x000000076c200000,0x000000076c200000,0x0000000774000000)
  from space 10752K, 88% used [0x0000000774a80000,0x00000007753c3700,0x0000000775500000)
  to   space 10752K, 0% used [0x0000000774000000,0x0000000774000000,0x0000000774a80000)
 ParOldGen       total 172032K, used 24K [0x00000006c4600000, 0x00000006cee00000, 0x000000076c200000)
  object space 172032K, 0% used [0x00000006c4600000,0x00000006c4606000,0x00000006cee00000)
 Metaspace       used 20519K, capacity 21090K, committed 21248K, reserved 1067008K
  class space    used 2537K, capacity 2717K, committed 2816K, reserved 1048576K
Event: 1,064 GC heap after
Heap after GC invocations=3 (full 1):
 PSYoungGen      total 139776K, used 0K [0x000000076c200000, 0x0000000775500000, 0x00000007c0000000)
  eden space 129024K, 0% used [0x000000076c200000,0x000000076c200000,0x0000000774000000)
  from space 10752K, 0% used [0x0000000774a80000,0x0000000774a80000,0x0000000775500000)
  to   space 10752K, 0% used [0x0000000774000000,0x0000000774000000,0x0000000774a80000)
 ParOldGen       total 107520K, used 9079K [0x00000006c4600000, 0x00000006caf00000, 0x000000076c200000)
  object space 107520K, 8% used [0x00000006c4600000,0x00000006c4eddc70,0x00000006caf00000)
 Metaspace       used 20519K, capacity 21090K, committed 21248K, reserved 1067008K
  class space    used 2537K, capacity 2717K, committed 2816K, reserved 1048576K
}

