# JRE version: OpenJDK Runtime Environment (8.0_181-b15) (build 1.8.0_181-b15)
# Java VM: OpenJDK 64-Bit Server VM (25.181-b15 mixed mode linux-amd64 compressed oops)
Heap:
 PSYoungGen      total 139776K, used 86029K [0x000000076c200000, 0x0000000775500000, 0x00000007c0000000)
  eden space 129024K, 66% used [0x000000076c200000,0x00000007716034a8,0x0000000774000000)
  from space 10752K, 0% used [0x0000000774a80000,0x0000000774a80000,0x0000000775500000)
  to   space 10752K, 0% used [0x0000000774000000,0x0000000774000000,0x0000000774a80000)
 ParOldGen       total 104960K, used 9172K [0x00000006c4600000, 0x00000006cac80000, 0x000000076c200000)
  object space 104960K, 8% used [0x00000006c4600000,0x00000006c4ef5090,0x00000006cac80000)
 Metaspace       used 25480K, capacity 26378K, committed 26752K, reserved 1073152K
  class space    used 3175K, capacity 3389K, committed 3456K, reserved 1048576K
GC Heap History (6 events):
Event: 0,756 GC heap before
{Heap before GC invocations=1 (full 0):
 PSYoungGen      total 75264K, used 64512K [0x000000076c200000, 0x0000000771600000, 0x00000007c0000000)
  eden space 64512K, 100% used [0x000000076c200000,0x0000000770100000,0x0000000770100000)
  from space 10752K, 0% used [0x0000000770b80000,0x0000000770b80000,0x0000000771600000)
  to   space 10752K, 0% used [0x0000000770100000,0x0000000770100000,0x0000000770b80000)
 ParOldGen       total 172032K, used 0K [0x00000006c4600000, 0x00000006cee00000, 0x000000076c200000)
  object space 172032K, 0% used [0x00000006c4600000,0x00000006c4600000,0x00000006cee00000)
 Metaspace       used 14949K, capacity 15386K, committed 15488K, reserved 1062912K
  class space    used 1764K, capacity 1897K, committed 1920K, reserved 1048576K
Event: 0,767 GC heap after
Heap after GC invocations=1 (full 0):
 PSYoungGen      total 75264K, used 6903K [0x000000076c200000, 0x0000000775500000, 0x00000007c0000000)
  eden space 64512K, 0% used [0x000000076c200000,0x000000076c200000,0x0000000770100000)
  from space 10752K, 64% used [0x0000000770100000,0x00000007707bdde0,0x0000000770b80000)
  to   space 10752K, 0% used [0x0000000774a80000,0x0000000774a80000,0x0000000775500000)
 ParOldGen       total 172032K, used 16K [0x00000006c4600000, 0x00000006cee00000, 0x000000076c200000)
  object space 172032K, 0% used [0x00000006c4600000,0x00000006c4604000,0x00000006cee00000)
 Metaspace       used 14949K, capacity 15386K, committed 15488K, reserved 1062912K
  class space    used 1764K, capacity 1897K, committed 1920K, reserved 1048576K
}
Event: 1,018 GC heap before
{Heap before GC invocations=2 (full 0):
 PSYoungGen      total 75264K, used 62089K [0x000000076c200000, 0x0000000775500000, 0x00000007c0000000)
  eden space 64512K, 85% used [0x000000076c200000,0x000000076f7e48b8,0x0000000770100000)
  from space 10752K, 64% used [0x0000000770100000,0x00000007707bdde0,0x0000000770b80000)
  to   space 10752K, 0% used [0x0000000774a80000,0x0000000774a80000,0x0000000775500000)
 ParOldGen       total 172032K, used 16K [0x00000006c4600000, 0x00000006cee00000, 0x000000076c200000)
  object space 172032K, 0% used [0x00000006c4600000,0x00000006c4604000,0x00000006cee00000)
 Metaspace       used 20609K, capacity 21176K, committed 21296K, reserved 1069056K
  class space    used 2532K, capacity 2678K, committed 2688K, reserved 1048576K
Event: 1,036 GC heap after
Heap after GC invocations=2 (full 0):
 PSYoungGen      total 139776K, used 9603K [0x000000076c200000, 0x0000000775500000, 0x00000007c0000000)
  eden space 129024K, 0% used [0x000000076c200000,0x000000076c200000,0x0000000774000000)
  from space 10752K, 89% used [0x0000000774a80000,0x00000007753e0db8,0x0000000775500000)
  to   space 10752K, 0% used [0x0000000774000000,0x0000000774000000,0x0000000774a80000)
 ParOldGen       total 172032K, used 24K [0x00000006c4600000, 0x00000006cee00000, 0x000000076c200000)
  object space 172032K, 0% used [0x00000006c4600000,0x00000006c4606000,0x00000006cee00000)
 Metaspace       used 20609K, capacity 21176K, committed 21296K, reserved 1069056K
  class space    used 2532K, capacity 2678K, committed 2688K, reserved 1048576K
}
Event: 1,036 GC heap before
{Heap before GC invocations=3 (full 1):
 PSYoungGen      total 139776K, used 9603K [0x000000076c200000, 0x0000000775500000, 0x00000007c0000000)
  eden space 129024K, 0% used [0x000000076c200000,0x000000076c200000,0x0000000774000000)
  from space 10752K, 89% used [0x0000000774a80000,0x00000007753e0db8,0x0000000775500000)
  to   space 10752K, 0% used [0x0000000774000000,0x0000000774000000,0x0000000774a80000)
 ParOldGen       total 172032K, used 24K [0x00000006c4600000, 0x00000006cee00000, 0x000000076c200000)
  object space 172032K, 0% used [0x00000006c4600000,0x00000006c4606000,0x00000006cee00000)
 Metaspace       used 20609K, capacity 21176K, committed 21296K, reserved 1069056K
  class space    used 2532K, capacity 2678K, committed 2688K, reserved 1048576K
Event: 1,076 GC heap after
Heap after GC invocations=3 (full 1):
 PSYoungGen      total 139776K, used 0K [0x000000076c200000, 0x0000000775500000, 0x00000007c0000000)
  eden space 129024K, 0% used [0x000000076c200000,0x000000076c200000,0x0000000774000000)
  from space 10752K, 0% used [0x0000000774a80000,0x0000000774a80000,0x0000000775500000)
  to   space 10752K, 0% used [0x0000000774000000,0x0000000774000000,0x0000000774a80000)
 ParOldGen       total 104960K, used 9172K [0x00000006c4600000, 0x00000006cac80000, 0x000000076c200000)
  object space 104960K, 8% used [0x00000006c4600000,0x00000006c4ef5090,0x00000006cac80000)
 Metaspace       used 20609K, capacity 21176K, committed 21296K, reserved 1069056K
  class space    used 2532K, capacity 2678K, committed 2688K, reserved 1048576K
}

